<test-run id="2" testcasecount="44" result="Passed" start-time="2025-08-11 19:38:49.287529" end-time="2025-08-11 19:39:01.523334" duration="12" total="44" passed="44" failed="0" inconclusive="0" skipped="0" asserts="0" clr-version="3.11.7 (main, Dec 15 2023, 12:09:56) [Clang 14.0.6 ]" engine-version="3.6.2"><command-line>/opt/anaconda3/bin/pytest -q</command-line><filter /><test-suite id="tests/test_rag.py::TestRagTerroristHelper" name="tests/test_rag.py::TestRagTerroristHelper" fullname="tests/test_rag.py::TestRagTerroristHelper" methodname="" classname="" runstate="Runnable" type="Assembly" testcasecount="15" result="Passed" label="" start-time="2025-08-11 19:38:49.805217" end-time="2025-08-11 19:38:49.808841" duration="0.003624" asserts="0" total="15" passed="15" failed="0" warnings="0" inconclusive="0" skipped="0"><properties><property name="python_version" value="3.11.7 (main, Dec 15 2023, 12:09:56) [Clang 14.0.6 ]" /></properties><test-case id="100" name="tests/test_rag.py::TestRagTerroristHelper::test_answer_bomb_site_question_not_planted" fullname="tests/test_rag.py::TestRagTerroristHelper::test_answer_bomb_site_question_not_planted" methodname="test_answer_bomb_site_question_not_planted" classname="TestRagTerroristHelper" runstate="Runnable" seed="1" result="Passed" label="" start-time="2025-08-11 19:38:49.805217" end-time="2025-08-11 19:38:49.805404" duration="0.000187" asserts="0"><properties><property name="python-version" value="3.11.7 (main, Dec 15 2023, 12:09:56) [Clang 14.0.6 ]" /><property name="fspath" value="tests/test_rag.py" /></properties><environment framework-version="3.6.2" clr-version="3.11.7 (main, Dec 15 2023, 12:09:56) [Clang 14.0.6 ]" os-version="24.5.0" platform="Darwin" cwd="/Users/kantakash/work/personsalProjects/counter_strike_ag2_agent" machine-name="arm64" user="" user-domain="" culture="en_US" uiculture="en_US" os-architecture="64bit" /><failure><message><![CDATA[]]></message><stack-trace><![CDATA[None]]></stack-trace></failure><reason><message><![CDATA[]]></message></reason><output><![CDATA[]]></output></test-case><test-case id="101" name="tests/test_rag.py::TestRagTerroristHelper::test_answer_bomb_site_question_planted" fullname="tests/test_rag.py::TestRagTerroristHelper::test_answer_bomb_site_question_planted" methodname="test_answer_bomb_site_question_planted" classname="TestRagTerroristHelper" runstate="Runnable" seed="1" result="Passed" label="" start-time="2025-08-11 19:38:49.805548" end-time="2025-08-11 19:38:49.805704" duration="0.000156" asserts="0"><properties><property name="python-version" value="3.11.7 (main, Dec 15 2023, 12:09:56) [Clang 14.0.6 ]" /><property name="fspath" value="tests/test_rag.py" /></properties><environment framework-version="3.6.2" clr-version="3.11.7 (main, Dec 15 2023, 12:09:56) [Clang 14.0.6 ]" os-version="24.5.0" platform="Darwin" cwd="/Users/kantakash/work/personsalProjects/counter_strike_ag2_agent" machine-name="arm64" user="" user-domain="" culture="en_US" uiculture="en_US" os-architecture="64bit" /><failure><message><![CDATA[]]></message><stack-trace><![CDATA[None]]></stack-trace></failure><reason><message><![CDATA[]]></message></reason><output><![CDATA[]]></output></test-case><test-case id="102" name="tests/test_rag.py::TestRagTerroristHelper::test_answer_case_insensitive" fullname="tests/test_rag.py::TestRagTerroristHelper::test_answer_case_insensitive" methodname="test_answer_case_insensitive" classname="TestRagTerroristHelper" runstate="Runnable" seed="1" result="Passed" label="" start-time="2025-08-11 19:38:49.805832" end-time="2025-08-11 19:38:49.805990" duration="0.000158" asserts="0"><properties><property name="python-version" value="3.11.7 (main, Dec 15 2023, 12:09:56) [Clang 14.0.6 ]" /><property name="fspath" value="tests/test_rag.py" /></properties><environment framework-version="3.6.2" clr-version="3.11.7 (main, Dec 15 2023, 12:09:56) [Clang 14.0.6 ]" os-version="24.5.0" platform="Darwin" cwd="/Users/kantakash/work/personsalProjects/counter_strike_ag2_agent" machine-name="arm64" user="" user-domain="" culture="en_US" uiculture="en_US" os-architecture="64bit" /><failure><message><![CDATA[]]></message><stack-trace><![CDATA[None]]></stack-trace></failure><reason><message><![CDATA[]]></message></reason><output><![CDATA[]]></output></test-case><test-case id="103" name="tests/test_rag.py::TestRagTerroristHelper::test_answer_ct_threat_bomb_planted" fullname="tests/test_rag.py::TestRagTerroristHelper::test_answer_ct_threat_bomb_planted" methodname="test_answer_ct_threat_bomb_planted" classname="TestRagTerroristHelper" runstate="Runnable" seed="1" result="Passed" label="" start-time="2025-08-11 19:38:49.806110" end-time="2025-08-11 19:38:49.806239" duration="0.000129" asserts="0"><properties><property name="python-version" value="3.11.7 (main, Dec 15 2023, 12:09:56) [Clang 14.0.6 ]" /><property name="fspath" value="tests/test_rag.py" /></properties><environment framework-version="3.6.2" clr-version="3.11.7 (main, Dec 15 2023, 12:09:56) [Clang 14.0.6 ]" os-version="24.5.0" platform="Darwin" cwd="/Users/kantakash/work/personsalProjects/counter_strike_ag2_agent" machine-name="arm64" user="" user-domain="" culture="en_US" uiculture="en_US" os-architecture="64bit" /><failure><message><![CDATA[]]></message><stack-trace><![CDATA[None]]></stack-trace></failure><reason><message><![CDATA[]]></message></reason><output><![CDATA[]]></output></test-case><test-case id="104" name="tests/test_rag.py::TestRagTerroristHelper::test_answer_ct_threat_no_cts" fullname="tests/test_rag.py::TestRagTerroristHelper::test_answer_ct_threat_no_cts" methodname="test_answer_ct_threat_no_cts" classname="TestRagTerroristHelper" runstate="Runnable" seed="1" result="Passed" label="" start-time="2025-08-11 19:38:49.806355" end-time="2025-08-11 19:38:49.806479" duration="0.000124" asserts="0"><properties><property name="python-version" value="3.11.7 (main, Dec 15 2023, 12:09:56) [Clang 14.0.6 ]" /><property name="fspath" value="tests/test_rag.py" /></properties><environment framework-version="3.6.2" clr-version="3.11.7 (main, Dec 15 2023, 12:09:56) [Clang 14.0.6 ]" os-version="24.5.0" platform="Darwin" cwd="/Users/kantakash/work/personsalProjects/counter_strike_ag2_agent" machine-name="arm64" user="" user-domain="" culture="en_US" uiculture="en_US" os-architecture="64bit" /><failure><message><![CDATA[]]></message><stack-trace><![CDATA[None]]></stack-trace></failure><reason><message><![CDATA[]]></message></reason><output><![CDATA[]]></output></test-case><test-case id="105" name="tests/test_rag.py::TestRagTerroristHelper::test_answer_ct_threat_unknown" fullname="tests/test_rag.py::TestRagTerroristHelper::test_answer_ct_threat_unknown" methodname="test_answer_ct_threat_unknown" classname="TestRagTerroristHelper" runstate="Runnable" seed="1" result="Passed" label="" start-time="2025-08-11 19:38:49.806592" end-time="2025-08-11 19:38:49.806717" duration="0.000125" asserts="0"><properties><property name="python-version" value="3.11.7 (main, Dec 15 2023, 12:09:56) [Clang 14.0.6 ]" /><property name="fspath" value="tests/test_rag.py" /></properties><environment framework-version="3.6.2" clr-version="3.11.7 (main, Dec 15 2023, 12:09:56) [Clang 14.0.6 ]" os-version="24.5.0" platform="Darwin" cwd="/Users/kantakash/work/personsalProjects/counter_strike_ag2_agent" machine-name="arm64" user="" user-domain="" culture="en_US" uiculture="en_US" os-architecture="64bit" /><failure><message><![CDATA[]]></message><stack-trace><![CDATA[None]]></stack-trace></failure><reason><message><![CDATA[]]></message></reason><output><![CDATA[]]></output></test-case><test-case id="106" name="tests/test_rag.py::TestRagTerroristHelper::test_answer_default_fallback" fullname="tests/test_rag.py::TestRagTerroristHelper::test_answer_default_fallback" methodname="test_answer_default_fallback" classname="TestRagTerroristHelper" runstate="Runnable" seed="1" result="Passed" label="" start-time="2025-08-11 19:38:49.806827" end-time="2025-08-11 19:38:49.806949" duration="0.000122" asserts="0"><properties><property name="python-version" value="3.11.7 (main, Dec 15 2023, 12:09:56) [Clang 14.0.6 ]" /><property name="fspath" value="tests/test_rag.py" /></properties><environment framework-version="3.6.2" clr-version="3.11.7 (main, Dec 15 2023, 12:09:56) [Clang 14.0.6 ]" os-version="24.5.0" platform="Darwin" cwd="/Users/kantakash/work/personsalProjects/counter_strike_ag2_agent" machine-name="arm64" user="" user-domain="" culture="en_US" uiculture="en_US" os-architecture="64bit" /><failure><message><![CDATA[]]></message><stack-trace><![CDATA[None]]></stack-trace></failure><reason><message><![CDATA[]]></message></reason><output><![CDATA[]]></output></test-case><test-case id="107" name="tests/test_rag.py::TestRagTerroristHelper::test_answer_multiple_keywords" fullname="tests/test_rag.py::TestRagTerroristHelper::test_answer_multiple_keywords" methodname="test_answer_multiple_keywords" classname="TestRagTerroristHelper" runstate="Runnable" seed="1" result="Passed" label="" start-time="2025-08-11 19:38:49.807070" end-time="2025-08-11 19:38:49.807202" duration="0.000132" asserts="0"><properties><property name="python-version" value="3.11.7 (main, Dec 15 2023, 12:09:56) [Clang 14.0.6 ]" /><property name="fspath" value="tests/test_rag.py" /></properties><environment framework-version="3.6.2" clr-version="3.11.7 (main, Dec 15 2023, 12:09:56) [Clang 14.0.6 ]" os-version="24.5.0" platform="Darwin" cwd="/Users/kantakash/work/personsalProjects/counter_strike_ag2_agent" machine-name="arm64" user="" user-domain="" culture="en_US" uiculture="en_US" os-architecture="64bit" /><failure><message><![CDATA[]]></message><stack-trace><![CDATA[None]]></stack-trace></failure><reason><message><![CDATA[]]></message></reason><output><![CDATA[]]></output></test-case><test-case id="108" name="tests/test_rag.py::TestRagTerroristHelper::test_answer_strategy_after_plant" fullname="tests/test_rag.py::TestRagTerroristHelper::test_answer_strategy_after_plant" methodname="test_answer_strategy_after_plant" classname="TestRagTerroristHelper" runstate="Runnable" seed="1" result="Passed" label="" start-time="2025-08-11 19:38:49.807312" end-time="2025-08-11 19:38:49.807433" duration="0.000121" asserts="0"><properties><property name="python-version" value="3.11.7 (main, Dec 15 2023, 12:09:56) [Clang 14.0.6 ]" /><property name="fspath" value="tests/test_rag.py" /></properties><environment framework-version="3.6.2" clr-version="3.11.7 (main, Dec 15 2023, 12:09:56) [Clang 14.0.6 ]" os-version="24.5.0" platform="Darwin" cwd="/Users/kantakash/work/personsalProjects/counter_strike_ag2_agent" machine-name="arm64" user="" user-domain="" culture="en_US" uiculture="en_US" os-architecture="64bit" /><failure><message><![CDATA[]]></message><stack-trace><![CDATA[None]]></stack-trace></failure><reason><message><![CDATA[]]></message></reason><output><![CDATA[]]></output></test-case><test-case id="109" name="tests/test_rag.py::TestRagTerroristHelper::test_answer_strategy_no_bomb" fullname="tests/test_rag.py::TestRagTerroristHelper::test_answer_strategy_no_bomb" methodname="test_answer_strategy_no_bomb" classname="TestRagTerroristHelper" runstate="Runnable" seed="1" result="Passed" label="" start-time="2025-08-11 19:38:49.807583" end-time="2025-08-11 19:38:49.807704" duration="0.000121" asserts="0"><properties><property name="python-version" value="3.11.7 (main, Dec 15 2023, 12:09:56) [Clang 14.0.6 ]" /><property name="fspath" value="tests/test_rag.py" /></properties><environment framework-version="3.6.2" clr-version="3.11.7 (main, Dec 15 2023, 12:09:56) [Clang 14.0.6 ]" os-version="24.5.0" platform="Darwin" cwd="/Users/kantakash/work/personsalProjects/counter_strike_ag2_agent" machine-name="arm64" user="" user-domain="" culture="en_US" uiculture="en_US" os-architecture="64bit" /><failure><message><![CDATA[]]></message><stack-trace><![CDATA[None]]></stack-trace></failure><reason><message><![CDATA[]]></message></reason><output><![CDATA[]]></output></test-case><test-case id="110" name="tests/test_rag.py::TestRagTerroristHelper::test_answer_upgrade_question" fullname="tests/test_rag.py::TestRagTerroristHelper::test_answer_upgrade_question" methodname="test_answer_upgrade_question" classname="TestRagTerroristHelper" runstate="Runnable" seed="1" result="Passed" label="" start-time="2025-08-11 19:38:49.807809" end-time="2025-08-11 19:38:49.807925" duration="0.000116" asserts="0"><properties><property name="python-version" value="3.11.7 (main, Dec 15 2023, 12:09:56) [Clang 14.0.6 ]" /><property name="fspath" value="tests/test_rag.py" /></properties><environment framework-version="3.6.2" clr-version="3.11.7 (main, Dec 15 2023, 12:09:56) [Clang 14.0.6 ]" os-version="24.5.0" platform="Darwin" cwd="/Users/kantakash/work/personsalProjects/counter_strike_ag2_agent" machine-name="arm64" user="" user-domain="" culture="en_US" uiculture="en_US" os-architecture="64bit" /><failure><message><![CDATA[]]></message><stack-trace><![CDATA[None]]></stack-trace></failure><reason><message><![CDATA[]]></message></reason><output><![CDATA[]]></output></test-case><test-case id="111" name="tests/test_rag.py::TestRagTerroristHelper::test_build_facts_all_dead" fullname="tests/test_rag.py::TestRagTerroristHelper::test_build_facts_all_dead" methodname="test_build_facts_all_dead" classname="TestRagTerroristHelper" runstate="Runnable" seed="1" result="Passed" label="" start-time="2025-08-11 19:38:49.808032" end-time="2025-08-11 19:38:49.808148" duration="0.000116" asserts="0"><properties><property name="python-version" value="3.11.7 (main, Dec 15 2023, 12:09:56) [Clang 14.0.6 ]" /><property name="fspath" value="tests/test_rag.py" /></properties><environment framework-version="3.6.2" clr-version="3.11.7 (main, Dec 15 2023, 12:09:56) [Clang 14.0.6 ]" os-version="24.5.0" platform="Darwin" cwd="/Users/kantakash/work/personsalProjects/counter_strike_ag2_agent" machine-name="arm64" user="" user-domain="" culture="en_US" uiculture="en_US" os-architecture="64bit" /><failure><message><![CDATA[]]></message><stack-trace><![CDATA[None]]></stack-trace></failure><reason><message><![CDATA[]]></message></reason><output><![CDATA[]]></output></test-case><test-case id="112" name="tests/test_rag.py::TestRagTerroristHelper::test_build_facts_bomb_planted" fullname="tests/test_rag.py::TestRagTerroristHelper::test_build_facts_bomb_planted" methodname="test_build_facts_bomb_planted" classname="TestRagTerroristHelper" runstate="Runnable" seed="1" result="Passed" label="" start-time="2025-08-11 19:38:49.808246" end-time="2025-08-11 19:38:49.808358" duration="0.000112" asserts="0"><properties><property name="python-version" value="3.11.7 (main, Dec 15 2023, 12:09:56) [Clang 14.0.6 ]" /><property name="fspath" value="tests/test_rag.py" /></properties><environment framework-version="3.6.2" clr-version="3.11.7 (main, Dec 15 2023, 12:09:56) [Clang 14.0.6 ]" os-version="24.5.0" platform="Darwin" cwd="/Users/kantakash/work/personsalProjects/counter_strike_ag2_agent" machine-name="arm64" user="" user-domain="" culture="en_US" uiculture="en_US" os-architecture="64bit" /><failure><message><![CDATA[]]></message><stack-trace><![CDATA[None]]></stack-trace></failure><reason><message><![CDATA[]]></message></reason><output><![CDATA[]]></output></test-case><test-case id="113" name="tests/test_rag.py::TestRagTerroristHelper::test_build_facts_initial_state" fullname="tests/test_rag.py::TestRagTerroristHelper::test_build_facts_initial_state" methodname="test_build_facts_initial_state" classname="TestRagTerroristHelper" runstate="Runnable" seed="1" result="Passed" label="" start-time="2025-08-11 19:38:49.808457" end-time="2025-08-11 19:38:49.808574" duration="0.000117" asserts="0"><properties><property name="python-version" value="3.11.7 (main, Dec 15 2023, 12:09:56) [Clang 14.0.6 ]" /><property name="fspath" value="tests/test_rag.py" /></properties><environment framework-version="3.6.2" clr-version="3.11.7 (main, Dec 15 2023, 12:09:56) [Clang 14.0.6 ]" os-version="24.5.0" platform="Darwin" cwd="/Users/kantakash/work/personsalProjects/counter_strike_ag2_agent" machine-name="arm64" user="" user-domain="" culture="en_US" uiculture="en_US" os-architecture="64bit" /><failure><message><![CDATA[]]></message><stack-trace><![CDATA[None]]></stack-trace></failure><reason><message><![CDATA[]]></message></reason><output><![CDATA[]]></output></test-case><test-case id="114" name="tests/test_rag.py::TestRagTerroristHelper::test_build_facts_players_dead" fullname="tests/test_rag.py::TestRagTerroristHelper::test_build_facts_players_dead" methodname="test_build_facts_players_dead" classname="TestRagTerroristHelper" runstate="Runnable" seed="1" result="Passed" label="" start-time="2025-08-11 19:38:49.808677" end-time="2025-08-11 19:38:49.808841" duration="0.000164" asserts="0"><properties><property name="python-version" value="3.11.7 (main, Dec 15 2023, 12:09:56) [Clang 14.0.6 ]" /><property name="fspath" value="tests/test_rag.py" /></properties><environment framework-version="3.6.2" clr-version="3.11.7 (main, Dec 15 2023, 12:09:56) [Clang 14.0.6 ]" os-version="24.5.0" platform="Darwin" cwd="/Users/kantakash/work/personsalProjects/counter_strike_ag2_agent" machine-name="arm64" user="" user-domain="" culture="en_US" uiculture="en_US" os-architecture="64bit" /><failure><message><![CDATA[]]></message><stack-trace><![CDATA[None]]></stack-trace></failure><reason><message><![CDATA[]]></message></reason><output><![CDATA[]]></output></test-case><environment framework-version="3.6.2" clr-version="3.11.7 (main, Dec 15 2023, 12:09:56) [Clang 14.0.6 ]" os-version="24.5.0" platform="Darwin" cwd="/Users/kantakash/work/personsalProjects/counter_strike_ag2_agent" machine-name="arm64" user="" user-domain="" culture="en_US" uiculture="en_US" os-architecture="64bit" /></test-suite><test-suite id="tests/test_rag_integration.py::TestRAGIntegration" name="tests/test_rag_integration.py::TestRAGIntegration" fullname="tests/test_rag_integration.py::TestRAGIntegration" methodname="" classname="" runstate="Runnable" type="Assembly" testcasecount="10" result="Passed" label="" start-time="2025-08-11 19:38:49.808990" end-time="2025-08-11 19:38:59.881902" duration="10.072912" asserts="0" total="10" passed="10" failed="0" warnings="0" inconclusive="0" skipped="0"><properties><property name="python_version" value="3.11.7 (main, Dec 15 2023, 12:09:56) [Clang 14.0.6 ]" /></properties><test-case id="115" name="tests/test_rag_integration.py::TestRAGIntegration::test_combined_rag_workflow" fullname="tests/test_rag_integration.py::TestRAGIntegration::test_combined_rag_workflow" methodname="test_combined_rag_workflow" classname="TestRAGIntegration" runstate="Runnable" seed="1" result="Passed" label="" start-time="2025-08-11 19:38:49.808990" end-time="2025-08-11 19:38:50.445670" duration="0.63668" asserts="0"><properties><property name="python-version" value="3.11.7 (main, Dec 15 2023, 12:09:56) [Clang 14.0.6 ]" /><property name="fspath" value="tests/test_rag_integration.py" /></properties><environment framework-version="3.6.2" clr-version="3.11.7 (main, Dec 15 2023, 12:09:56) [Clang 14.0.6 ]" os-version="24.5.0" platform="Darwin" cwd="/Users/kantakash/work/personsalProjects/counter_strike_ag2_agent" machine-name="arm64" user="" user-domain="" culture="en_US" uiculture="en_US" os-architecture="64bit" /><failure><message><![CDATA[]]></message><stack-trace><![CDATA[None]]></stack-trace></failure><reason><message><![CDATA[]]></message></reason><output><![CDATA[]]></output></test-case><test-case id="116" name="tests/test_rag_integration.py::TestRAGIntegration::test_edge_cases_combined" fullname="tests/test_rag_integration.py::TestRAGIntegration::test_edge_cases_combined" methodname="test_edge_cases_combined" classname="TestRAGIntegration" runstate="Runnable" seed="1" result="Passed" label="" start-time="2025-08-11 19:38:50.445890" end-time="2025-08-11 19:38:50.454526" duration="0.008636" asserts="0"><properties><property name="python-version" value="3.11.7 (main, Dec 15 2023, 12:09:56) [Clang 14.0.6 ]" /><property name="fspath" value="tests/test_rag_integration.py" /></properties><environment framework-version="3.6.2" clr-version="3.11.7 (main, Dec 15 2023, 12:09:56) [Clang 14.0.6 ]" os-version="24.5.0" platform="Darwin" cwd="/Users/kantakash/work/personsalProjects/counter_strike_ag2_agent" machine-name="arm64" user="" user-domain="" culture="en_US" uiculture="en_US" os-architecture="64bit" /><failure><message><![CDATA[]]></message><stack-trace><![CDATA[None]]></stack-trace></failure><reason><message><![CDATA[]]></message></reason><output><![CDATA[]]></output></test-case><test-case id="117" name="tests/test_rag_integration.py::TestRAGIntegration::test_multiple_knowledge_sources" fullname="tests/test_rag_integration.py::TestRAGIntegration::test_multiple_knowledge_sources" methodname="test_multiple_knowledge_sources" classname="TestRAGIntegration" runstate="Runnable" seed="1" result="Passed" label="" start-time="2025-08-11 19:38:50.454692" end-time="2025-08-11 19:38:50.888306" duration="0.433614" asserts="0"><properties><property name="python-version" value="3.11.7 (main, Dec 15 2023, 12:09:56) [Clang 14.0.6 ]" /><property name="fspath" value="tests/test_rag_integration.py" /></properties><environment framework-version="3.6.2" clr-version="3.11.7 (main, Dec 15 2023, 12:09:56) [Clang 14.0.6 ]" os-version="24.5.0" platform="Darwin" cwd="/Users/kantakash/work/personsalProjects/counter_strike_ag2_agent" machine-name="arm64" user="" user-domain="" culture="en_US" uiculture="en_US" os-architecture="64bit" /><failure><message><![CDATA[]]></message><stack-trace><![CDATA[None]]></stack-trace></failure><reason><message><![CDATA[]]></message></reason><output><![CDATA[]]></output></test-case><test-case id="118" name="tests/test_rag_integration.py::TestRAGIntegration::test_performance_with_many_documents" fullname="tests/test_rag_integration.py::TestRAGIntegration::test_performance_with_many_documents" methodname="test_performance_with_many_documents" classname="TestRAGIntegration" runstate="Runnable" seed="1" result="Passed" label="" start-time="2025-08-11 19:38:50.888505" end-time="2025-08-11 19:38:59.275413" duration="8.386908" asserts="0"><properties><property name="python-version" value="3.11.7 (main, Dec 15 2023, 12:09:56) [Clang 14.0.6 ]" /><property name="fspath" value="tests/test_rag_integration.py" /></properties><environment framework-version="3.6.2" clr-version="3.11.7 (main, Dec 15 2023, 12:09:56) [Clang 14.0.6 ]" os-version="24.5.0" platform="Darwin" cwd="/Users/kantakash/work/personsalProjects/counter_strike_ag2_agent" machine-name="arm64" user="" user-domain="" culture="en_US" uiculture="en_US" os-architecture="64bit" /><failure><message><![CDATA[]]></message><stack-trace><![CDATA[None]]></stack-trace></failure><reason><message><![CDATA[]]></message></reason><output><![CDATA[]]></output></test-case><test-case id="119" name="tests/test_rag_integration.py::TestRAGIntegration::test_rag_helper_all_question_types" fullname="tests/test_rag_integration.py::TestRAGIntegration::test_rag_helper_all_question_types" methodname="test_rag_helper_all_question_types" classname="TestRAGIntegration" runstate="Runnable" seed="1" result="Passed" label="" start-time="2025-08-11 19:38:59.275757" end-time="2025-08-11 19:38:59.290386" duration="0.014629" asserts="0"><properties><property name="python-version" value="3.11.7 (main, Dec 15 2023, 12:09:56) [Clang 14.0.6 ]" /><property name="fspath" value="tests/test_rag_integration.py" /></properties><environment framework-version="3.6.2" clr-version="3.11.7 (main, Dec 15 2023, 12:09:56) [Clang 14.0.6 ]" os-version="24.5.0" platform="Darwin" cwd="/Users/kantakash/work/personsalProjects/counter_strike_ag2_agent" machine-name="arm64" user="" user-domain="" culture="en_US" uiculture="en_US" os-architecture="64bit" /><failure><message><![CDATA[]]></message><stack-trace><![CDATA[None]]></stack-trace></failure><reason><message><![CDATA[]]></message></reason><output><![CDATA[]]></output></test-case><test-case id="120" name="tests/test_rag_integration.py::TestRAGIntegration::test_rag_helper_state_transitions" fullname="tests/test_rag_integration.py::TestRAGIntegration::test_rag_helper_state_transitions" methodname="test_rag_helper_state_transitions" classname="TestRAGIntegration" runstate="Runnable" seed="1" result="Passed" label="" start-time="2025-08-11 19:38:59.290786" end-time="2025-08-11 19:38:59.304462" duration="0.013676" asserts="0"><properties><property name="python-version" value="3.11.7 (main, Dec 15 2023, 12:09:56) [Clang 14.0.6 ]" /><property name="fspath" value="tests/test_rag_integration.py" /></properties><environment framework-version="3.6.2" clr-version="3.11.7 (main, Dec 15 2023, 12:09:56) [Clang 14.0.6 ]" os-version="24.5.0" platform="Darwin" cwd="/Users/kantakash/work/personsalProjects/counter_strike_ag2_agent" machine-name="arm64" user="" user-domain="" culture="en_US" uiculture="en_US" os-architecture="64bit" /><failure><message><![CDATA[]]></message><stack-trace><![CDATA[None]]></stack-trace></failure><reason><message><![CDATA[]]></message></reason><output><![CDATA[]]></output></test-case><test-case id="121" name="tests/test_rag_integration.py::TestRAGIntegration::test_rag_helper_with_critical_game_states" fullname="tests/test_rag_integration.py::TestRAGIntegration::test_rag_helper_with_critical_game_states" methodname="test_rag_helper_with_critical_game_states" classname="TestRAGIntegration" runstate="Runnable" seed="1" result="Passed" label="" start-time="2025-08-11 19:38:59.304653" end-time="2025-08-11 19:38:59.312576" duration="0.007923" asserts="0"><properties><property name="python-version" value="3.11.7 (main, Dec 15 2023, 12:09:56) [Clang 14.0.6 ]" /><property name="fspath" value="tests/test_rag_integration.py" /></properties><environment framework-version="3.6.2" clr-version="3.11.7 (main, Dec 15 2023, 12:09:56) [Clang 14.0.6 ]" os-version="24.5.0" platform="Darwin" cwd="/Users/kantakash/work/personsalProjects/counter_strike_ag2_agent" machine-name="arm64" user="" user-domain="" culture="en_US" uiculture="en_US" os-architecture="64bit" /><failure><message><![CDATA[]]></message><stack-trace><![CDATA[None]]></stack-trace></failure><reason><message><![CDATA[]]></message></reason><output><![CDATA[]]></output></test-case><test-case id="122" name="tests/test_rag_integration.py::TestRAGIntegration::test_rag_with_game_state_changes" fullname="tests/test_rag_integration.py::TestRAGIntegration::test_rag_with_game_state_changes" methodname="test_rag_with_game_state_changes" classname="TestRAGIntegration" runstate="Runnable" seed="1" result="Passed" label="" start-time="2025-08-11 19:38:59.312750" end-time="2025-08-11 19:38:59.442372" duration="0.129622" asserts="0"><properties><property name="python-version" value="3.11.7 (main, Dec 15 2023, 12:09:56) [Clang 14.0.6 ]" /><property name="fspath" value="tests/test_rag_integration.py" /></properties><environment framework-version="3.6.2" clr-version="3.11.7 (main, Dec 15 2023, 12:09:56) [Clang 14.0.6 ]" os-version="24.5.0" platform="Darwin" cwd="/Users/kantakash/work/personsalProjects/counter_strike_ag2_agent" machine-name="arm64" user="" user-domain="" culture="en_US" uiculture="en_US" os-architecture="64bit" /><failure><message><![CDATA[]]></message><stack-trace><![CDATA[None]]></stack-trace></failure><reason><message><![CDATA[]]></message></reason><output><![CDATA[]]></output></test-case><test-case id="123" name="tests/test_rag_integration.py::TestRAGIntegration::test_vector_rag_persistence" fullname="tests/test_rag_integration.py::TestRAGIntegration::test_vector_rag_persistence" methodname="test_vector_rag_persistence" classname="TestRAGIntegration" runstate="Runnable" seed="1" result="Passed" label="" start-time="2025-08-11 19:38:59.442589" end-time="2025-08-11 19:38:59.635453" duration="0.192864" asserts="0"><properties><property name="python-version" value="3.11.7 (main, Dec 15 2023, 12:09:56) [Clang 14.0.6 ]" /><property name="fspath" value="tests/test_rag_integration.py" /></properties><environment framework-version="3.6.2" clr-version="3.11.7 (main, Dec 15 2023, 12:09:56) [Clang 14.0.6 ]" os-version="24.5.0" platform="Darwin" cwd="/Users/kantakash/work/personsalProjects/counter_strike_ag2_agent" machine-name="arm64" user="" user-domain="" culture="en_US" uiculture="en_US" os-architecture="64bit" /><failure><message><![CDATA[]]></message><stack-trace><![CDATA[None]]></stack-trace></failure><reason><message><![CDATA[]]></message></reason><output><![CDATA[]]></output></test-case><test-case id="124" name="tests/test_rag_integration.py::TestRAGIntegration::test_vector_rag_with_file_and_query" fullname="tests/test_rag_integration.py::TestRAGIntegration::test_vector_rag_with_file_and_query" methodname="test_vector_rag_with_file_and_query" classname="TestRAGIntegration" runstate="Runnable" seed="1" result="Passed" label="" start-time="2025-08-11 19:38:59.635682" end-time="2025-08-11 19:38:59.881902" duration="0.24622" asserts="0"><properties><property name="python-version" value="3.11.7 (main, Dec 15 2023, 12:09:56) [Clang 14.0.6 ]" /><property name="fspath" value="tests/test_rag_integration.py" /></properties><environment framework-version="3.6.2" clr-version="3.11.7 (main, Dec 15 2023, 12:09:56) [Clang 14.0.6 ]" os-version="24.5.0" platform="Darwin" cwd="/Users/kantakash/work/personsalProjects/counter_strike_ag2_agent" machine-name="arm64" user="" user-domain="" culture="en_US" uiculture="en_US" os-architecture="64bit" /><failure><message><![CDATA[]]></message><stack-trace><![CDATA[None]]></stack-trace></failure><reason><message><![CDATA[]]></message></reason><output><![CDATA[]]></output></test-case><environment framework-version="3.6.2" clr-version="3.11.7 (main, Dec 15 2023, 12:09:56) [Clang 14.0.6 ]" os-version="24.5.0" platform="Darwin" cwd="/Users/kantakash/work/personsalProjects/counter_strike_ag2_agent" machine-name="arm64" user="" user-domain="" culture="en_US" uiculture="en_US" os-architecture="64bit" /></test-suite><test-suite id="tests/test_rag_vector.py::TestChromaRAG" name="tests/test_rag_vector.py::TestChromaRAG" fullname="tests/test_rag_vector.py::TestChromaRAG" methodname="" classname="" runstate="Runnable" type="Assembly" testcasecount="19" result="Passed" label="" start-time="2025-08-11 19:38:59.882202" end-time="2025-08-11 19:39:01.523174" duration="1.640972" asserts="0" total="19" passed="19" failed="0" warnings="0" inconclusive="0" skipped="0"><properties><property name="python_version" value="3.11.7 (main, Dec 15 2023, 12:09:56) [Clang 14.0.6 ]" /></properties><test-case id="125" name="tests/test_rag_vector.py::TestChromaRAG::test_add_empty_texts_list" fullname="tests/test_rag_vector.py::TestChromaRAG::test_add_empty_texts_list" methodname="test_add_empty_texts_list" classname="TestChromaRAG" runstate="Runnable" seed="1" result="Passed" label="" start-time="2025-08-11 19:38:59.882202" end-time="2025-08-11 19:38:59.895268" duration="0.013066" asserts="0"><properties><property name="python-version" value="3.11.7 (main, Dec 15 2023, 12:09:56) [Clang 14.0.6 ]" /><property name="fspath" value="tests/test_rag_vector.py" /></properties><environment framework-version="3.6.2" clr-version="3.11.7 (main, Dec 15 2023, 12:09:56) [Clang 14.0.6 ]" os-version="24.5.0" platform="Darwin" cwd="/Users/kantakash/work/personsalProjects/counter_strike_ag2_agent" machine-name="arm64" user="" user-domain="" culture="en_US" uiculture="en_US" os-architecture="64bit" /><failure><message><![CDATA[]]></message><stack-trace><![CDATA[None]]></stack-trace></failure><reason><message><![CDATA[]]></message></reason><output><![CDATA[]]></output></test-case><test-case id="126" name="tests/test_rag_vector.py::TestChromaRAG::test_add_file_empty" fullname="tests/test_rag_vector.py::TestChromaRAG::test_add_file_empty" methodname="test_add_file_empty" classname="TestChromaRAG" runstate="Runnable" seed="1" result="Passed" label="" start-time="2025-08-11 19:38:59.895460" end-time="2025-08-11 19:38:59.904274" duration="0.008814" asserts="0"><properties><property name="python-version" value="3.11.7 (main, Dec 15 2023, 12:09:56) [Clang 14.0.6 ]" /><property name="fspath" value="tests/test_rag_vector.py" /></properties><environment framework-version="3.6.2" clr-version="3.11.7 (main, Dec 15 2023, 12:09:56) [Clang 14.0.6 ]" os-version="24.5.0" platform="Darwin" cwd="/Users/kantakash/work/personsalProjects/counter_strike_ag2_agent" machine-name="arm64" user="" user-domain="" culture="en_US" uiculture="en_US" os-architecture="64bit" /><failure><message><![CDATA[]]></message><stack-trace><![CDATA[None]]></stack-trace></failure><reason><message><![CDATA[]]></message></reason><output><![CDATA[]]></output></test-case><test-case id="127" name="tests/test_rag_vector.py::TestChromaRAG::test_add_file_nonexistent" fullname="tests/test_rag_vector.py::TestChromaRAG::test_add_file_nonexistent" methodname="test_add_file_nonexistent" classname="TestChromaRAG" runstate="Runnable" seed="1" result="Passed" label="" start-time="2025-08-11 19:38:59.904457" end-time="2025-08-11 19:38:59.912064" duration="0.007607" asserts="0"><properties><property name="python-version" value="3.11.7 (main, Dec 15 2023, 12:09:56) [Clang 14.0.6 ]" /><property name="fspath" value="tests/test_rag_vector.py" /></properties><environment framework-version="3.6.2" clr-version="3.11.7 (main, Dec 15 2023, 12:09:56) [Clang 14.0.6 ]" os-version="24.5.0" platform="Darwin" cwd="/Users/kantakash/work/personsalProjects/counter_strike_ag2_agent" machine-name="arm64" user="" user-domain="" culture="en_US" uiculture="en_US" os-architecture="64bit" /><failure><message><![CDATA[]]></message><stack-trace><![CDATA[None]]></stack-trace></failure><reason><message><![CDATA[]]></message></reason><output><![CDATA[]]></output></test-case><test-case id="128" name="tests/test_rag_vector.py::TestChromaRAG::test_add_file_single_paragraph" fullname="tests/test_rag_vector.py::TestChromaRAG::test_add_file_single_paragraph" methodname="test_add_file_single_paragraph" classname="TestChromaRAG" runstate="Runnable" seed="1" result="Passed" label="" start-time="2025-08-11 19:38:59.912228" end-time="2025-08-11 19:39:00.030477" duration="0.118249" asserts="0"><properties><property name="python-version" value="3.11.7 (main, Dec 15 2023, 12:09:56) [Clang 14.0.6 ]" /><property name="fspath" value="tests/test_rag_vector.py" /></properties><environment framework-version="3.6.2" clr-version="3.11.7 (main, Dec 15 2023, 12:09:56) [Clang 14.0.6 ]" os-version="24.5.0" platform="Darwin" cwd="/Users/kantakash/work/personsalProjects/counter_strike_ag2_agent" machine-name="arm64" user="" user-domain="" culture="en_US" uiculture="en_US" os-architecture="64bit" /><failure><message><![CDATA[]]></message><stack-trace><![CDATA[None]]></stack-trace></failure><reason><message><![CDATA[]]></message></reason><output><![CDATA[]]></output></test-case><test-case id="129" name="tests/test_rag_vector.py::TestChromaRAG::test_add_file_strips_whitespace" fullname="tests/test_rag_vector.py::TestChromaRAG::test_add_file_strips_whitespace" methodname="test_add_file_strips_whitespace" classname="TestChromaRAG" runstate="Runnable" seed="1" result="Passed" label="" start-time="2025-08-11 19:39:00.030703" end-time="2025-08-11 19:39:00.190240" duration="0.159537" asserts="0"><properties><property name="python-version" value="3.11.7 (main, Dec 15 2023, 12:09:56) [Clang 14.0.6 ]" /><property name="fspath" value="tests/test_rag_vector.py" /></properties><environment framework-version="3.6.2" clr-version="3.11.7 (main, Dec 15 2023, 12:09:56) [Clang 14.0.6 ]" os-version="24.5.0" platform="Darwin" cwd="/Users/kantakash/work/personsalProjects/counter_strike_ag2_agent" machine-name="arm64" user="" user-domain="" culture="en_US" uiculture="en_US" os-architecture="64bit" /><failure><message><![CDATA[]]></message><stack-trace><![CDATA[None]]></stack-trace></failure><reason><message><![CDATA[]]></message></reason><output><![CDATA[]]></output></test-case><test-case id="130" name="tests/test_rag_vector.py::TestChromaRAG::test_add_file_success" fullname="tests/test_rag_vector.py::TestChromaRAG::test_add_file_success" methodname="test_add_file_success" classname="TestChromaRAG" runstate="Runnable" seed="1" result="Passed" label="" start-time="2025-08-11 19:39:00.190456" end-time="2025-08-11 19:39:00.353326" duration="0.16287" asserts="0"><properties><property name="python-version" value="3.11.7 (main, Dec 15 2023, 12:09:56) [Clang 14.0.6 ]" /><property name="fspath" value="tests/test_rag_vector.py" /></properties><environment framework-version="3.6.2" clr-version="3.11.7 (main, Dec 15 2023, 12:09:56) [Clang 14.0.6 ]" os-version="24.5.0" platform="Darwin" cwd="/Users/kantakash/work/personsalProjects/counter_strike_ag2_agent" machine-name="arm64" user="" user-domain="" culture="en_US" uiculture="en_US" os-architecture="64bit" /><failure><message><![CDATA[]]></message><stack-trace><![CDATA[None]]></stack-trace></failure><reason><message><![CDATA[]]></message></reason><output><![CDATA[]]></output></test-case><test-case id="131" name="tests/test_rag_vector.py::TestChromaRAG::test_add_file_whitespace_only" fullname="tests/test_rag_vector.py::TestChromaRAG::test_add_file_whitespace_only" methodname="test_add_file_whitespace_only" classname="TestChromaRAG" runstate="Runnable" seed="1" result="Passed" label="" start-time="2025-08-11 19:39:00.353673" end-time="2025-08-11 19:39:00.379648" duration="0.025975" asserts="0"><properties><property name="python-version" value="3.11.7 (main, Dec 15 2023, 12:09:56) [Clang 14.0.6 ]" /><property name="fspath" value="tests/test_rag_vector.py" /></properties><environment framework-version="3.6.2" clr-version="3.11.7 (main, Dec 15 2023, 12:09:56) [Clang 14.0.6 ]" os-version="24.5.0" platform="Darwin" cwd="/Users/kantakash/work/personsalProjects/counter_strike_ag2_agent" machine-name="arm64" user="" user-domain="" culture="en_US" uiculture="en_US" os-architecture="64bit" /><failure><message><![CDATA[]]></message><stack-trace><![CDATA[None]]></stack-trace></failure><reason><message><![CDATA[]]></message></reason><output><![CDATA[]]></output></test-case><test-case id="132" name="tests/test_rag_vector.py::TestChromaRAG::test_add_file_with_mixed_spacing" fullname="tests/test_rag_vector.py::TestChromaRAG::test_add_file_with_mixed_spacing" methodname="test_add_file_with_mixed_spacing" classname="TestChromaRAG" runstate="Runnable" seed="1" result="Passed" label="" start-time="2025-08-11 19:39:00.380245" end-time="2025-08-11 19:39:00.658506" duration="0.278261" asserts="0"><properties><property name="python-version" value="3.11.7 (main, Dec 15 2023, 12:09:56) [Clang 14.0.6 ]" /><property name="fspath" value="tests/test_rag_vector.py" /></properties><environment framework-version="3.6.2" clr-version="3.11.7 (main, Dec 15 2023, 12:09:56) [Clang 14.0.6 ]" os-version="24.5.0" platform="Darwin" cwd="/Users/kantakash/work/personsalProjects/counter_strike_ag2_agent" machine-name="arm64" user="" user-domain="" culture="en_US" uiculture="en_US" os-architecture="64bit" /><failure><message><![CDATA[]]></message><stack-trace><![CDATA[None]]></stack-trace></failure><reason><message><![CDATA[]]></message></reason><output><![CDATA[]]></output></test-case><test-case id="133" name="tests/test_rag_vector.py::TestChromaRAG::test_add_multiple_texts" fullname="tests/test_rag_vector.py::TestChromaRAG::test_add_multiple_texts" methodname="test_add_multiple_texts" classname="TestChromaRAG" runstate="Runnable" seed="1" result="Passed" label="" start-time="2025-08-11 19:39:00.658738" end-time="2025-08-11 19:39:00.845491" duration="0.186753" asserts="0"><properties><property name="python-version" value="3.11.7 (main, Dec 15 2023, 12:09:56) [Clang 14.0.6 ]" /><property name="fspath" value="tests/test_rag_vector.py" /></properties><environment framework-version="3.6.2" clr-version="3.11.7 (main, Dec 15 2023, 12:09:56) [Clang 14.0.6 ]" os-version="24.5.0" platform="Darwin" cwd="/Users/kantakash/work/personsalProjects/counter_strike_ag2_agent" machine-name="arm64" user="" user-domain="" culture="en_US" uiculture="en_US" os-architecture="64bit" /><failure><message><![CDATA[]]></message><stack-trace><![CDATA[None]]></stack-trace></failure><reason><message><![CDATA[]]></message></reason><output><![CDATA[]]></output></test-case><test-case id="134" name="tests/test_rag_vector.py::TestChromaRAG::test_add_single_text" fullname="tests/test_rag_vector.py::TestChromaRAG::test_add_single_text" methodname="test_add_single_text" classname="TestChromaRAG" runstate="Runnable" seed="1" result="Passed" label="" start-time="2025-08-11 19:39:00.845699" end-time="2025-08-11 19:39:00.971047" duration="0.125348" asserts="0"><properties><property name="python-version" value="3.11.7 (main, Dec 15 2023, 12:09:56) [Clang 14.0.6 ]" /><property name="fspath" value="tests/test_rag_vector.py" /></properties><environment framework-version="3.6.2" clr-version="3.11.7 (main, Dec 15 2023, 12:09:56) [Clang 14.0.6 ]" os-version="24.5.0" platform="Darwin" cwd="/Users/kantakash/work/personsalProjects/counter_strike_ag2_agent" machine-name="arm64" user="" user-domain="" culture="en_US" uiculture="en_US" os-architecture="64bit" /><failure><message><![CDATA[]]></message><stack-trace><![CDATA[None]]></stack-trace></failure><reason><message><![CDATA[]]></message></reason><output><![CDATA[]]></output></test-case><test-case id="135" name="tests/test_rag_vector.py::TestChromaRAG::test_ask_empty_question" fullname="tests/test_rag_vector.py::TestChromaRAG::test_ask_empty_question" methodname="test_ask_empty_question" classname="TestChromaRAG" runstate="Runnable" seed="1" result="Passed" label="" start-time="2025-08-11 19:39:00.971263" end-time="2025-08-11 19:39:00.979402" duration="0.008139" asserts="0"><properties><property name="python-version" value="3.11.7 (main, Dec 15 2023, 12:09:56) [Clang 14.0.6 ]" /><property name="fspath" value="tests/test_rag_vector.py" /></properties><environment framework-version="3.6.2" clr-version="3.11.7 (main, Dec 15 2023, 12:09:56) [Clang 14.0.6 ]" os-version="24.5.0" platform="Darwin" cwd="/Users/kantakash/work/personsalProjects/counter_strike_ag2_agent" machine-name="arm64" user="" user-domain="" culture="en_US" uiculture="en_US" os-architecture="64bit" /><failure><message><![CDATA[]]></message><stack-trace><![CDATA[None]]></stack-trace></failure><reason><message><![CDATA[]]></message></reason><output><![CDATA[]]></output></test-case><test-case id="136" name="tests/test_rag_vector.py::TestChromaRAG::test_ask_handles_malformed_results" fullname="tests/test_rag_vector.py::TestChromaRAG::test_ask_handles_malformed_results" methodname="test_ask_handles_malformed_results" classname="TestChromaRAG" runstate="Runnable" seed="1" result="Passed" label="" start-time="2025-08-11 19:39:00.979580" end-time="2025-08-11 19:39:00.988232" duration="0.008652" asserts="0"><properties><property name="python-version" value="3.11.7 (main, Dec 15 2023, 12:09:56) [Clang 14.0.6 ]" /><property name="fspath" value="tests/test_rag_vector.py" /></properties><environment framework-version="3.6.2" clr-version="3.11.7 (main, Dec 15 2023, 12:09:56) [Clang 14.0.6 ]" os-version="24.5.0" platform="Darwin" cwd="/Users/kantakash/work/personsalProjects/counter_strike_ag2_agent" machine-name="arm64" user="" user-domain="" culture="en_US" uiculture="en_US" os-architecture="64bit" /><failure><message><![CDATA[]]></message><stack-trace><![CDATA[None]]></stack-trace></failure><reason><message><![CDATA[]]></message></reason><output><![CDATA[]]></output></test-case><test-case id="137" name="tests/test_rag_vector.py::TestChromaRAG::test_ask_handles_query_exception" fullname="tests/test_rag_vector.py::TestChromaRAG::test_ask_handles_query_exception" methodname="test_ask_handles_query_exception" classname="TestChromaRAG" runstate="Runnable" seed="1" result="Passed" label="" start-time="2025-08-11 19:39:00.988420" end-time="2025-08-11 19:39:00.996008" duration="0.007588" asserts="0"><properties><property name="python-version" value="3.11.7 (main, Dec 15 2023, 12:09:56) [Clang 14.0.6 ]" /><property name="fspath" value="tests/test_rag_vector.py" /></properties><environment framework-version="3.6.2" clr-version="3.11.7 (main, Dec 15 2023, 12:09:56) [Clang 14.0.6 ]" os-version="24.5.0" platform="Darwin" cwd="/Users/kantakash/work/personsalProjects/counter_strike_ag2_agent" machine-name="arm64" user="" user-domain="" culture="en_US" uiculture="en_US" os-architecture="64bit" /><failure><message><![CDATA[]]></message><stack-trace><![CDATA[None]]></stack-trace></failure><reason><message><![CDATA[]]></message></reason><output><![CDATA[]]></output></test-case><test-case id="138" name="tests/test_rag_vector.py::TestChromaRAG::test_ask_no_documents" fullname="tests/test_rag_vector.py::TestChromaRAG::test_ask_no_documents" methodname="test_ask_no_documents" classname="TestChromaRAG" runstate="Runnable" seed="1" result="Passed" label="" start-time="2025-08-11 19:39:00.996167" end-time="2025-08-11 19:39:01.087944" duration="0.091777" asserts="0"><properties><property name="python-version" value="3.11.7 (main, Dec 15 2023, 12:09:56) [Clang 14.0.6 ]" /><property name="fspath" value="tests/test_rag_vector.py" /></properties><environment framework-version="3.6.2" clr-version="3.11.7 (main, Dec 15 2023, 12:09:56) [Clang 14.0.6 ]" os-version="24.5.0" platform="Darwin" cwd="/Users/kantakash/work/personsalProjects/counter_strike_ag2_agent" machine-name="arm64" user="" user-domain="" culture="en_US" uiculture="en_US" os-architecture="64bit" /><failure><message><![CDATA[]]></message><stack-trace><![CDATA[None]]></stack-trace></failure><reason><message><![CDATA[]]></message></reason><output><![CDATA[]]></output></test-case><test-case id="139" name="tests/test_rag_vector.py::TestChromaRAG::test_ask_whitespace_question" fullname="tests/test_rag_vector.py::TestChromaRAG::test_ask_whitespace_question" methodname="test_ask_whitespace_question" classname="TestChromaRAG" runstate="Runnable" seed="1" result="Passed" label="" start-time="2025-08-11 19:39:01.088140" end-time="2025-08-11 19:39:01.097194" duration="0.009054" asserts="0"><properties><property name="python-version" value="3.11.7 (main, Dec 15 2023, 12:09:56) [Clang 14.0.6 ]" /><property name="fspath" value="tests/test_rag_vector.py" /></properties><environment framework-version="3.6.2" clr-version="3.11.7 (main, Dec 15 2023, 12:09:56) [Clang 14.0.6 ]" os-version="24.5.0" platform="Darwin" cwd="/Users/kantakash/work/personsalProjects/counter_strike_ag2_agent" machine-name="arm64" user="" user-domain="" culture="en_US" uiculture="en_US" os-architecture="64bit" /><failure><message><![CDATA[]]></message><stack-trace><![CDATA[None]]></stack-trace></failure><reason><message><![CDATA[]]></message></reason><output><![CDATA[]]></output></test-case><test-case id="140" name="tests/test_rag_vector.py::TestChromaRAG::test_ask_with_content" fullname="tests/test_rag_vector.py::TestChromaRAG::test_ask_with_content" methodname="test_ask_with_content" classname="TestChromaRAG" runstate="Runnable" seed="1" result="Passed" label="" start-time="2025-08-11 19:39:01.097374" end-time="2025-08-11 19:39:01.292559" duration="0.195185" asserts="0"><properties><property name="python-version" value="3.11.7 (main, Dec 15 2023, 12:09:56) [Clang 14.0.6 ]" /><property name="fspath" value="tests/test_rag_vector.py" /></properties><environment framework-version="3.6.2" clr-version="3.11.7 (main, Dec 15 2023, 12:09:56) [Clang 14.0.6 ]" os-version="24.5.0" platform="Darwin" cwd="/Users/kantakash/work/personsalProjects/counter_strike_ag2_agent" machine-name="arm64" user="" user-domain="" culture="en_US" uiculture="en_US" os-architecture="64bit" /><failure><message><![CDATA[]]></message><stack-trace><![CDATA[None]]></stack-trace></failure><reason><message><![CDATA[]]></message></reason><output><![CDATA[]]></output></test-case><test-case id="141" name="tests/test_rag_vector.py::TestChromaRAG::test_embedding_function_openai_fallback" fullname="tests/test_rag_vector.py::TestChromaRAG::test_embedding_function_openai_fallback" methodname="test_embedding_function_openai_fallback" classname="TestChromaRAG" runstate="Runnable" seed="1" result="Passed" label="" start-time="2025-08-11 19:39:01.292791" end-time="2025-08-11 19:39:01.302115" duration="0.009324" asserts="0"><properties><property name="python-version" value="3.11.7 (main, Dec 15 2023, 12:09:56) [Clang 14.0.6 ]" /><property name="fspath" value="tests/test_rag_vector.py" /></properties><environment framework-version="3.6.2" clr-version="3.11.7 (main, Dec 15 2023, 12:09:56) [Clang 14.0.6 ]" os-version="24.5.0" platform="Darwin" cwd="/Users/kantakash/work/personsalProjects/counter_strike_ag2_agent" machine-name="arm64" user="" user-domain="" culture="en_US" uiculture="en_US" os-architecture="64bit" /><failure><message><![CDATA[]]></message><stack-trace><![CDATA[None]]></stack-trace></failure><reason><message><![CDATA[]]></message></reason><output><![CDATA[]]></output></test-case><test-case id="142" name="tests/test_rag_vector.py::TestChromaRAG::test_initialization" fullname="tests/test_rag_vector.py::TestChromaRAG::test_initialization" methodname="test_initialization" classname="TestChromaRAG" runstate="Runnable" seed="1" result="Passed" label="" start-time="2025-08-11 19:39:01.302313" end-time="2025-08-11 19:39:01.311430" duration="0.009117" asserts="0"><properties><property name="python-version" value="3.11.7 (main, Dec 15 2023, 12:09:56) [Clang 14.0.6 ]" /><property name="fspath" value="tests/test_rag_vector.py" /></properties><environment framework-version="3.6.2" clr-version="3.11.7 (main, Dec 15 2023, 12:09:56) [Clang 14.0.6 ]" os-version="24.5.0" platform="Darwin" cwd="/Users/kantakash/work/personsalProjects/counter_strike_ag2_agent" machine-name="arm64" user="" user-domain="" culture="en_US" uiculture="en_US" os-architecture="64bit" /><failure><message><![CDATA[]]></message><stack-trace><![CDATA[None]]></stack-trace></failure><reason><message><![CDATA[]]></message></reason><output><![CDATA[]]></output></test-case><test-case id="143" name="tests/test_rag_vector.py::TestChromaRAG::test_unique_document_ids" fullname="tests/test_rag_vector.py::TestChromaRAG::test_unique_document_ids" methodname="test_unique_document_ids" classname="TestChromaRAG" runstate="Runnable" seed="1" result="Passed" label="" start-time="2025-08-11 19:39:01.311607" end-time="2025-08-11 19:39:01.523174" duration="0.211567" asserts="0"><properties><property name="python-version" value="3.11.7 (main, Dec 15 2023, 12:09:56) [Clang 14.0.6 ]" /><property name="fspath" value="tests/test_rag_vector.py" /></properties><environment framework-version="3.6.2" clr-version="3.11.7 (main, Dec 15 2023, 12:09:56) [Clang 14.0.6 ]" os-version="24.5.0" platform="Darwin" cwd="/Users/kantakash/work/personsalProjects/counter_strike_ag2_agent" machine-name="arm64" user="" user-domain="" culture="en_US" uiculture="en_US" os-architecture="64bit" /><failure><message><![CDATA[]]></message><stack-trace><![CDATA[None]]></stack-trace></failure><reason><message><![CDATA[]]></message></reason><output><![CDATA[]]></output></test-case><environment framework-version="3.6.2" clr-version="3.11.7 (main, Dec 15 2023, 12:09:56) [Clang 14.0.6 ]" os-version="24.5.0" platform="Darwin" cwd="/Users/kantakash/work/personsalProjects/counter_strike_ag2_agent" machine-name="arm64" user="" user-domain="" culture="en_US" uiculture="en_US" os-architecture="64bit" /></test-suite></test-run>